{"C:\\Users\\joshu\\Documents\\NetBeansProjects\\LookupProtocol\\server.js": {"path":"C:\\Users\\joshu\\Documents\\NetBeansProjects\\LookupProtocol\\server.js","statementMap":{"0":{"start":{"line":1,"column":16},"end":{"line":1,"column":34}},"1":{"start":{"line":2,"column":13},"end":{"line":2,"column":28}},"2":{"start":{"line":3,"column":19},"end":{"line":3,"column":41}},"3":{"start":{"line":4,"column":16},"end":{"line":4,"column":44}},"4":{"start":{"line":5,"column":13},"end":{"line":5,"column":28}},"5":{"start":{"line":6,"column":18},"end":{"line":6,"column":47}},"6":{"start":{"line":7,"column":42},"end":{"line":7,"column":70}},"7":{"start":{"line":8,"column":18},"end":{"line":8,"column":47}},"8":{"start":{"line":9,"column":20},"end":{"line":9,"column":47}},"9":{"start":{"line":10,"column":15},"end":{"line":10,"column":41}},"10":{"start":{"line":12,"column":12},"end":{"line":12,"column":21}},"11":{"start":{"line":13,"column":13},"end":{"line":13,"column":37}},"12":{"start":{"line":14,"column":16},"end":{"line":14,"column":86}},"13":{"start":{"line":17,"column":16},"end":{"line":21,"column":2}},"14":{"start":{"line":23,"column":22},"end":{"line":27,"column":2}},"15":{"start":{"line":30,"column":0},"end":{"line":30,"column":16}},"16":{"start":{"line":31,"column":0},"end":{"line":31,"column":27}},"17":{"start":{"line":32,"column":0},"end":{"line":32,"column":51}},"18":{"start":{"line":33,"column":0},"end":{"line":33,"column":39}},"19":{"start":{"line":34,"column":0},"end":{"line":34,"column":26}},"20":{"start":{"line":37,"column":0},"end":{"line":37,"column":68}},"21":{"start":{"line":40,"column":0},"end":{"line":43,"column":3}},"22":{"start":{"line":41,"column":4},"end":{"line":41,"column":61}},"23":{"start":{"line":42,"column":4},"end":{"line":42,"column":11}},"24":{"start":{"line":46,"column":24},"end":{"line":54,"column":1}},"25":{"start":{"line":56,"column":19},"end":{"line":58,"column":1}},"26":{"start":{"line":61,"column":31},"end":{"line":67,"column":1}},"27":{"start":{"line":62,"column":19},"end":{"line":62,"column":40}},"28":{"start":{"line":63,"column":4},"end":{"line":65,"column":5}},"29":{"start":{"line":64,"column":8},"end":{"line":64,"column":64}},"30":{"start":{"line":66,"column":4},"end":{"line":66,"column":11}},"31":{"start":{"line":70,"column":11},"end":{"line":76,"column":2}},"32":{"start":{"line":71,"column":4},"end":{"line":75,"column":5}},"33":{"start":{"line":72,"column":8},"end":{"line":72,"column":61}},"34":{"start":{"line":74,"column":8},"end":{"line":74,"column":71}},"35":{"start":{"line":155,"column":0},"end":{"line":226,"column":3}},"36":{"start":{"line":156,"column":105},"end":{"line":156,"column":114}},"37":{"start":{"line":158,"column":20},"end":{"line":158,"column":39}},"38":{"start":{"line":159,"column":21},"end":{"line":159,"column":42}},"39":{"start":{"line":160,"column":19},"end":{"line":160,"column":43}},"40":{"start":{"line":162,"column":16},"end":{"line":162,"column":50}},"41":{"start":{"line":163,"column":21},"end":{"line":163,"column":71}},"42":{"start":{"line":164,"column":19},"end":{"line":164,"column":21}},"43":{"start":{"line":166,"column":4},"end":{"line":170,"column":5}},"44":{"start":{"line":167,"column":8},"end":{"line":167,"column":40}},"45":{"start":{"line":168,"column":8},"end":{"line":168,"column":45}},"46":{"start":{"line":169,"column":8},"end":{"line":169,"column":37}},"47":{"start":{"line":172,"column":4},"end":{"line":177,"column":5}},"48":{"start":{"line":173,"column":8},"end":{"line":173,"column":75}},"49":{"start":{"line":174,"column":8},"end":{"line":174,"column":80}},"50":{"start":{"line":175,"column":27},"end":{"line":175,"column":40}},"51":{"start":{"line":176,"column":8},"end":{"line":176,"column":56}},"52":{"start":{"line":179,"column":4},"end":{"line":183,"column":5}},"53":{"start":{"line":180,"column":8},"end":{"line":180,"column":40}},"54":{"start":{"line":181,"column":8},"end":{"line":181,"column":45}},"55":{"start":{"line":182,"column":8},"end":{"line":182,"column":42}},"56":{"start":{"line":185,"column":4},"end":{"line":189,"column":5}},"57":{"start":{"line":186,"column":8},"end":{"line":186,"column":40}},"58":{"start":{"line":187,"column":8},"end":{"line":187,"column":45}},"59":{"start":{"line":188,"column":8},"end":{"line":188,"column":42}},"60":{"start":{"line":192,"column":29},"end":{"line":192,"column":89}},"61":{"start":{"line":193,"column":23},"end":{"line":193,"column":72}},"62":{"start":{"line":194,"column":22},"end":{"line":194,"column":69}},"63":{"start":{"line":196,"column":4},"end":{"line":196,"column":69}},"64":{"start":{"line":199,"column":4},"end":{"line":225,"column":7}},"65":{"start":{"line":200,"column":8},"end":{"line":203,"column":9}},"66":{"start":{"line":201,"column":12},"end":{"line":201,"column":58}},"67":{"start":{"line":202,"column":12},"end":{"line":202,"column":79}},"68":{"start":{"line":205,"column":22},"end":{"line":205,"column":39}},"69":{"start":{"line":206,"column":27},"end":{"line":206,"column":54}},"70":{"start":{"line":209,"column":8},"end":{"line":224,"column":11}},"71":{"start":{"line":210,"column":12},"end":{"line":213,"column":13}},"72":{"start":{"line":211,"column":16},"end":{"line":211,"column":62}},"73":{"start":{"line":212,"column":16},"end":{"line":212,"column":83}},"74":{"start":{"line":215,"column":12},"end":{"line":223,"column":15}},"75":{"start":{"line":251,"column":0},"end":{"line":266,"column":3}},"76":{"start":{"line":252,"column":19},"end":{"line":252,"column":29}},"77":{"start":{"line":254,"column":4},"end":{"line":265,"column":7}},"78":{"start":{"line":255,"column":8},"end":{"line":258,"column":9}},"79":{"start":{"line":256,"column":12},"end":{"line":256,"column":57}},"80":{"start":{"line":257,"column":12},"end":{"line":257,"column":78}},"81":{"start":{"line":260,"column":8},"end":{"line":262,"column":9}},"82":{"start":{"line":261,"column":12},"end":{"line":261,"column":72}},"83":{"start":{"line":264,"column":8},"end":{"line":264,"column":22}},"84":{"start":{"line":269,"column":0},"end":{"line":279,"column":3}},"85":{"start":{"line":270,"column":25},"end":{"line":270,"column":35}},"86":{"start":{"line":272,"column":4},"end":{"line":278,"column":7}},"87":{"start":{"line":273,"column":8},"end":{"line":276,"column":9}},"88":{"start":{"line":274,"column":12},"end":{"line":274,"column":70}},"89":{"start":{"line":275,"column":12},"end":{"line":275,"column":79}},"90":{"start":{"line":277,"column":8},"end":{"line":277,"column":23}},"91":{"start":{"line":282,"column":0},"end":{"line":290,"column":3}},"92":{"start":{"line":283,"column":4},"end":{"line":289,"column":7}},"93":{"start":{"line":284,"column":8},"end":{"line":287,"column":9}},"94":{"start":{"line":285,"column":12},"end":{"line":285,"column":60}},"95":{"start":{"line":286,"column":12},"end":{"line":286,"column":81}},"96":{"start":{"line":288,"column":8},"end":{"line":288,"column":48}},"97":{"start":{"line":288,"column":33},"end":{"line":288,"column":45}},"98":{"start":{"line":310,"column":0},"end":{"line":329,"column":3}},"99":{"start":{"line":311,"column":76},"end":{"line":311,"column":84}},"100":{"start":{"line":313,"column":4},"end":{"line":315,"column":5}},"101":{"start":{"line":314,"column":8},"end":{"line":314,"column":74}},"102":{"start":{"line":317,"column":4},"end":{"line":328,"column":6}},"103":{"start":{"line":321,"column":12},"end":{"line":324,"column":13}},"104":{"start":{"line":322,"column":16},"end":{"line":322,"column":61}},"105":{"start":{"line":323,"column":16},"end":{"line":323,"column":83}},"106":{"start":{"line":325,"column":12},"end":{"line":325,"column":51}},"107":{"start":{"line":326,"column":12},"end":{"line":326,"column":82}},"108":{"start":{"line":355,"column":0},"end":{"line":376,"column":3}},"109":{"start":{"line":356,"column":19},"end":{"line":356,"column":29}},"110":{"start":{"line":357,"column":72},"end":{"line":357,"column":80}},"111":{"start":{"line":359,"column":4},"end":{"line":375,"column":6}},"112":{"start":{"line":363,"column":12},"end":{"line":366,"column":13}},"113":{"start":{"line":364,"column":16},"end":{"line":364,"column":61}},"114":{"start":{"line":365,"column":16},"end":{"line":365,"column":83}},"115":{"start":{"line":368,"column":12},"end":{"line":370,"column":13}},"116":{"start":{"line":369,"column":16},"end":{"line":369,"column":76}},"117":{"start":{"line":372,"column":12},"end":{"line":372,"column":51}},"118":{"start":{"line":373,"column":12},"end":{"line":373,"column":70}},"119":{"start":{"line":396,"column":0},"end":{"line":412,"column":3}},"120":{"start":{"line":397,"column":19},"end":{"line":397,"column":29}},"121":{"start":{"line":399,"column":4},"end":{"line":411,"column":7}},"122":{"start":{"line":400,"column":8},"end":{"line":403,"column":9}},"123":{"start":{"line":401,"column":12},"end":{"line":401,"column":57}},"124":{"start":{"line":402,"column":12},"end":{"line":402,"column":79}},"125":{"start":{"line":405,"column":8},"end":{"line":407,"column":9}},"126":{"start":{"line":406,"column":12},"end":{"line":406,"column":72}},"127":{"start":{"line":409,"column":8},"end":{"line":409,"column":47}},"128":{"start":{"line":410,"column":8},"end":{"line":410,"column":62}},"129":{"start":{"line":415,"column":0},"end":{"line":455,"column":3}},"130":{"start":{"line":416,"column":20},"end":{"line":423,"column":5}},"131":{"start":{"line":425,"column":4},"end":{"line":454,"column":7}},"132":{"start":{"line":426,"column":8},"end":{"line":431,"column":11}},"133":{"start":{"line":427,"column":12},"end":{"line":430,"column":15}},"134":{"start":{"line":428,"column":16},"end":{"line":429,"column":34}},"135":{"start":{"line":428,"column":25},"end":{"line":428,"column":37}},"136":{"start":{"line":429,"column":21},"end":{"line":429,"column":34}},"137":{"start":{"line":434,"column":8},"end":{"line":450,"column":11}},"138":{"start":{"line":435,"column":12},"end":{"line":438,"column":13}},"139":{"start":{"line":436,"column":16},"end":{"line":436,"column":72}},"140":{"start":{"line":437,"column":16},"end":{"line":437,"column":85}},"141":{"start":{"line":440,"column":12},"end":{"line":449,"column":15}},"142":{"start":{"line":452,"column":8},"end":{"line":452,"column":56}},"143":{"start":{"line":453,"column":8},"end":{"line":453,"column":70}},"144":{"start":{"line":458,"column":0},"end":{"line":488,"column":3}},"145":{"start":{"line":459,"column":4},"end":{"line":487,"column":7}},"146":{"start":{"line":460,"column":8},"end":{"line":463,"column":9}},"147":{"start":{"line":461,"column":12},"end":{"line":461,"column":59}},"148":{"start":{"line":462,"column":12},"end":{"line":462,"column":80}},"149":{"start":{"line":466,"column":24},"end":{"line":466,"column":99}},"150":{"start":{"line":467,"column":24},"end":{"line":467,"column":43}},"151":{"start":{"line":469,"column":8},"end":{"line":480,"column":11}},"152":{"start":{"line":470,"column":27},"end":{"line":478,"column":13}},"153":{"start":{"line":479,"column":12},"end":{"line":479,"column":43}},"154":{"start":{"line":482,"column":20},"end":{"line":482,"column":38}},"155":{"start":{"line":484,"column":8},"end":{"line":484,"column":50}},"156":{"start":{"line":485,"column":8},"end":{"line":485,"column":82}},"157":{"start":{"line":486,"column":8},"end":{"line":486,"column":22}},"158":{"start":{"line":491,"column":0},"end":{"line":493,"column":3}},"159":{"start":{"line":492,"column":4},"end":{"line":492,"column":68}},"160":{"start":{"line":496,"column":0},"end":{"line":499,"column":3}},"161":{"start":{"line":497,"column":4},"end":{"line":497,"column":62}},"162":{"start":{"line":498,"column":4},"end":{"line":498,"column":84}},"163":{"start":{"line":502,"column":0},"end":{"line":511,"column":3}},"164":{"start":{"line":503,"column":4},"end":{"line":510,"column":7}},"165":{"start":{"line":504,"column":8},"end":{"line":508,"column":9}},"166":{"start":{"line":505,"column":12},"end":{"line":505,"column":57}},"167":{"start":{"line":507,"column":12},"end":{"line":507,"column":54}},"168":{"start":{"line":509,"column":8},"end":{"line":509,"column":24}},"169":{"start":{"line":513,"column":0},"end":{"line":513,"column":21}}},"fnMap":{"0":{"name":"(anonymous_0)","decl":{"start":{"line":40,"column":8},"end":{"line":40,"column":9}},"loc":{"start":{"line":40,"column":28},"end":{"line":43,"column":1}},"line":40},"1":{"name":"(anonymous_1)","decl":{"start":{"line":61,"column":31},"end":{"line":61,"column":32}},"loc":{"start":{"line":61,"column":51},"end":{"line":67,"column":1}},"line":61},"2":{"name":"(anonymous_2)","decl":{"start":{"line":70,"column":41},"end":{"line":70,"column":42}},"loc":{"start":{"line":70,"column":50},"end":{"line":76,"column":1}},"line":70},"3":{"name":"(anonymous_3)","decl":{"start":{"line":155,"column":25},"end":{"line":155,"column":26}},"loc":{"start":{"line":155,"column":39},"end":{"line":226,"column":1}},"line":155},"4":{"name":"(anonymous_4)","decl":{"start":{"line":199,"column":31},"end":{"line":199,"column":32}},"loc":{"start":{"line":199,"column":53},"end":{"line":225,"column":5}},"line":199},"5":{"name":"(anonymous_5)","decl":{"start":{"line":209,"column":53},"end":{"line":209,"column":54}},"loc":{"start":{"line":209,"column":68},"end":{"line":224,"column":9}},"line":209},"6":{"name":"(anonymous_6)","decl":{"start":{"line":251,"column":65},"end":{"line":251,"column":66}},"loc":{"start":{"line":251,"column":79},"end":{"line":266,"column":1}},"line":251},"7":{"name":"(anonymous_7)","decl":{"start":{"line":254,"column":56},"end":{"line":254,"column":57}},"loc":{"start":{"line":254,"column":70},"end":{"line":265,"column":5}},"line":254},"8":{"name":"(anonymous_8)","decl":{"start":{"line":269,"column":44},"end":{"line":269,"column":45}},"loc":{"start":{"line":269,"column":58},"end":{"line":279,"column":1}},"line":269},"9":{"name":"(anonymous_9)","decl":{"start":{"line":272,"column":92},"end":{"line":272,"column":93}},"loc":{"start":{"line":272,"column":107},"end":{"line":278,"column":5}},"line":272},"10":{"name":"(anonymous_10)","decl":{"start":{"line":282,"column":27},"end":{"line":282,"column":28}},"loc":{"start":{"line":282,"column":41},"end":{"line":290,"column":1}},"line":282},"11":{"name":"(anonymous_11)","decl":{"start":{"line":283,"column":75},"end":{"line":283,"column":76}},"loc":{"start":{"line":283,"column":90},"end":{"line":289,"column":5}},"line":283},"12":{"name":"(anonymous_12)","decl":{"start":{"line":288,"column":26},"end":{"line":288,"column":27}},"loc":{"start":{"line":288,"column":33},"end":{"line":288,"column":45}},"line":288},"13":{"name":"(anonymous_13)","decl":{"start":{"line":310,"column":82},"end":{"line":310,"column":83}},"loc":{"start":{"line":310,"column":96},"end":{"line":329,"column":1}},"line":310},"14":{"name":"(anonymous_14)","decl":{"start":{"line":320,"column":8},"end":{"line":320,"column":9}},"loc":{"start":{"line":320,"column":22},"end":{"line":327,"column":9}},"line":320},"15":{"name":"(anonymous_15)","decl":{"start":{"line":355,"column":97},"end":{"line":355,"column":98}},"loc":{"start":{"line":355,"column":111},"end":{"line":376,"column":1}},"line":355},"16":{"name":"(anonymous_16)","decl":{"start":{"line":362,"column":8},"end":{"line":362,"column":9}},"loc":{"start":{"line":362,"column":22},"end":{"line":374,"column":9}},"line":362},"17":{"name":"(anonymous_17)","decl":{"start":{"line":396,"column":83},"end":{"line":396,"column":84}},"loc":{"start":{"line":396,"column":97},"end":{"line":412,"column":1}},"line":396},"18":{"name":"(anonymous_18)","decl":{"start":{"line":399,"column":54},"end":{"line":399,"column":55}},"loc":{"start":{"line":399,"column":68},"end":{"line":411,"column":5}},"line":399},"19":{"name":"(anonymous_19)","decl":{"start":{"line":415,"column":27},"end":{"line":415,"column":28}},"loc":{"start":{"line":415,"column":41},"end":{"line":455,"column":1}},"line":415},"20":{"name":"(anonymous_20)","decl":{"start":{"line":425,"column":28},"end":{"line":425,"column":29}},"loc":{"start":{"line":425,"column":37},"end":{"line":432,"column":5}},"line":425},"21":{"name":"(anonymous_21)","decl":{"start":{"line":426,"column":27},"end":{"line":426,"column":28}},"loc":{"start":{"line":426,"column":48},"end":{"line":431,"column":9}},"line":426},"22":{"name":"(anonymous_22)","decl":{"start":{"line":427,"column":30},"end":{"line":427,"column":31}},"loc":{"start":{"line":427,"column":44},"end":{"line":430,"column":13}},"line":427},"23":{"name":"(anonymous_23)","decl":{"start":{"line":432,"column":13},"end":{"line":432,"column":14}},"loc":{"start":{"line":432,"column":24},"end":{"line":451,"column":5}},"line":432},"24":{"name":"(anonymous_24)","decl":{"start":{"line":434,"column":121},"end":{"line":434,"column":122}},"loc":{"start":{"line":434,"column":149},"end":{"line":450,"column":9}},"line":434},"25":{"name":"(anonymous_25)","decl":{"start":{"line":451,"column":13},"end":{"line":451,"column":14}},"loc":{"start":{"line":451,"column":20},"end":{"line":454,"column":5}},"line":451},"26":{"name":"(anonymous_26)","decl":{"start":{"line":458,"column":36},"end":{"line":458,"column":37}},"loc":{"start":{"line":458,"column":50},"end":{"line":488,"column":1}},"line":458},"27":{"name":"(anonymous_27)","decl":{"start":{"line":459,"column":53},"end":{"line":459,"column":54}},"loc":{"start":{"line":459,"column":68},"end":{"line":487,"column":5}},"line":459},"28":{"name":"(anonymous_28)","decl":{"start":{"line":469,"column":21},"end":{"line":469,"column":22}},"loc":{"start":{"line":469,"column":28},"end":{"line":480,"column":9}},"line":469},"29":{"name":"(anonymous_29)","decl":{"start":{"line":491,"column":23},"end":{"line":491,"column":24}},"loc":{"start":{"line":491,"column":37},"end":{"line":493,"column":1}},"line":491},"30":{"name":"(anonymous_30)","decl":{"start":{"line":496,"column":17},"end":{"line":496,"column":18}},"loc":{"start":{"line":496,"column":23},"end":{"line":499,"column":1}},"line":496},"31":{"name":"(anonymous_31)","decl":{"start":{"line":502,"column":21},"end":{"line":502,"column":22}},"loc":{"start":{"line":502,"column":27},"end":{"line":511,"column":1}},"line":502},"32":{"name":"(anonymous_32)","decl":{"start":{"line":503,"column":13},"end":{"line":503,"column":14}},"loc":{"start":{"line":503,"column":22},"end":{"line":510,"column":5}},"line":503}},"branchMap":{"0":{"loc":{"start":{"line":13,"column":13},"end":{"line":13,"column":37}},"type":"binary-expr","locations":[{"start":{"line":13,"column":13},"end":{"line":13,"column":29}},{"start":{"line":13,"column":33},"end":{"line":13,"column":37}}],"line":13},"1":{"loc":{"start":{"line":14,"column":16},"end":{"line":14,"column":86}},"type":"binary-expr","locations":[{"start":{"line":14,"column":16},"end":{"line":14,"column":35}},{"start":{"line":14,"column":39},"end":{"line":14,"column":86}}],"line":14},"2":{"loc":{"start":{"line":63,"column":4},"end":{"line":65,"column":5}},"type":"if","locations":[{"start":{"line":63,"column":4},"end":{"line":65,"column":5}},{"start":{},"end":{}}],"line":63},"3":{"loc":{"start":{"line":71,"column":4},"end":{"line":75,"column":5}},"type":"if","locations":[{"start":{"line":71,"column":4},"end":{"line":75,"column":5}},{"start":{"line":73,"column":11},"end":{"line":75,"column":5}}],"line":71},"4":{"loc":{"start":{"line":156,"column":50},"end":{"line":156,"column":63}},"type":"default-arg","locations":[{"start":{"line":156,"column":59},"end":{"line":156,"column":63}}],"line":156},"5":{"loc":{"start":{"line":156,"column":65},"end":{"line":156,"column":78}},"type":"default-arg","locations":[{"start":{"line":156,"column":73},"end":{"line":156,"column":78}}],"line":156},"6":{"loc":{"start":{"line":156,"column":80},"end":{"line":156,"column":88}},"type":"default-arg","locations":[{"start":{"line":156,"column":87},"end":{"line":156,"column":88}}],"line":156},"7":{"loc":{"start":{"line":156,"column":90},"end":{"line":156,"column":100}},"type":"default-arg","locations":[{"start":{"line":156,"column":98},"end":{"line":156,"column":100}}],"line":156},"8":{"loc":{"start":{"line":158,"column":20},"end":{"line":158,"column":39}},"type":"binary-expr","locations":[{"start":{"line":158,"column":20},"end":{"line":158,"column":34}},{"start":{"line":158,"column":38},"end":{"line":158,"column":39}}],"line":158},"9":{"loc":{"start":{"line":159,"column":21},"end":{"line":159,"column":42}},"type":"binary-expr","locations":[{"start":{"line":159,"column":21},"end":{"line":159,"column":36}},{"start":{"line":159,"column":40},"end":{"line":159,"column":42}}],"line":159},"10":{"loc":{"start":{"line":166,"column":4},"end":{"line":170,"column":5}},"type":"if","locations":[{"start":{"line":166,"column":4},"end":{"line":170,"column":5}},{"start":{},"end":{}}],"line":166},"11":{"loc":{"start":{"line":172,"column":4},"end":{"line":177,"column":5}},"type":"if","locations":[{"start":{"line":172,"column":4},"end":{"line":177,"column":5}},{"start":{},"end":{}}],"line":172},"12":{"loc":{"start":{"line":179,"column":4},"end":{"line":183,"column":5}},"type":"if","locations":[{"start":{"line":179,"column":4},"end":{"line":183,"column":5}},{"start":{},"end":{}}],"line":179},"13":{"loc":{"start":{"line":185,"column":4},"end":{"line":189,"column":5}},"type":"if","locations":[{"start":{"line":185,"column":4},"end":{"line":189,"column":5}},{"start":{},"end":{}}],"line":185},"14":{"loc":{"start":{"line":193,"column":23},"end":{"line":193,"column":72}},"type":"cond-expr","locations":[{"start":{"line":193,"column":59},"end":{"line":193,"column":65}},{"start":{"line":193,"column":68},"end":{"line":193,"column":72}}],"line":193},"15":{"loc":{"start":{"line":194,"column":22},"end":{"line":194,"column":69}},"type":"cond-expr","locations":[{"start":{"line":194,"column":55},"end":{"line":194,"column":61}},{"start":{"line":194,"column":64},"end":{"line":194,"column":69}}],"line":194},"16":{"loc":{"start":{"line":200,"column":8},"end":{"line":203,"column":9}},"type":"if","locations":[{"start":{"line":200,"column":8},"end":{"line":203,"column":9}},{"start":{},"end":{}}],"line":200},"17":{"loc":{"start":{"line":210,"column":12},"end":{"line":213,"column":13}},"type":"if","locations":[{"start":{"line":210,"column":12},"end":{"line":213,"column":13}},{"start":{},"end":{}}],"line":210},"18":{"loc":{"start":{"line":255,"column":8},"end":{"line":258,"column":9}},"type":"if","locations":[{"start":{"line":255,"column":8},"end":{"line":258,"column":9}},{"start":{},"end":{}}],"line":255},"19":{"loc":{"start":{"line":260,"column":8},"end":{"line":262,"column":9}},"type":"if","locations":[{"start":{"line":260,"column":8},"end":{"line":262,"column":9}},{"start":{},"end":{}}],"line":260},"20":{"loc":{"start":{"line":273,"column":8},"end":{"line":276,"column":9}},"type":"if","locations":[{"start":{"line":273,"column":8},"end":{"line":276,"column":9}},{"start":{},"end":{}}],"line":273},"21":{"loc":{"start":{"line":284,"column":8},"end":{"line":287,"column":9}},"type":"if","locations":[{"start":{"line":284,"column":8},"end":{"line":287,"column":9}},{"start":{},"end":{}}],"line":284},"22":{"loc":{"start":{"line":313,"column":4},"end":{"line":315,"column":5}},"type":"if","locations":[{"start":{"line":313,"column":4},"end":{"line":315,"column":5}},{"start":{},"end":{}}],"line":313},"23":{"loc":{"start":{"line":313,"column":8},"end":{"line":313,"column":99}},"type":"binary-expr","locations":[{"start":{"line":313,"column":8},"end":{"line":313,"column":11}},{"start":{"line":313,"column":15},"end":{"line":313,"column":24}},{"start":{"line":313,"column":28},"end":{"line":313,"column":33}},{"start":{"line":313,"column":37},"end":{"line":313,"column":49}},{"start":{"line":313,"column":53},"end":{"line":313,"column":75}},{"start":{"line":313,"column":79},"end":{"line":313,"column":90}},{"start":{"line":313,"column":94},"end":{"line":313,"column":99}}],"line":313},"24":{"loc":{"start":{"line":321,"column":12},"end":{"line":324,"column":13}},"type":"if","locations":[{"start":{"line":321,"column":12},"end":{"line":324,"column":13}},{"start":{},"end":{}}],"line":321},"25":{"loc":{"start":{"line":363,"column":12},"end":{"line":366,"column":13}},"type":"if","locations":[{"start":{"line":363,"column":12},"end":{"line":366,"column":13}},{"start":{},"end":{}}],"line":363},"26":{"loc":{"start":{"line":368,"column":12},"end":{"line":370,"column":13}},"type":"if","locations":[{"start":{"line":368,"column":12},"end":{"line":370,"column":13}},{"start":{},"end":{}}],"line":368},"27":{"loc":{"start":{"line":400,"column":8},"end":{"line":403,"column":9}},"type":"if","locations":[{"start":{"line":400,"column":8},"end":{"line":403,"column":9}},{"start":{},"end":{}}],"line":400},"28":{"loc":{"start":{"line":405,"column":8},"end":{"line":407,"column":9}},"type":"if","locations":[{"start":{"line":405,"column":8},"end":{"line":407,"column":9}},{"start":{},"end":{}}],"line":405},"29":{"loc":{"start":{"line":428,"column":16},"end":{"line":429,"column":34}},"type":"if","locations":[{"start":{"line":428,"column":16},"end":{"line":429,"column":34}},{"start":{"line":429,"column":21},"end":{"line":429,"column":34}}],"line":428},"30":{"loc":{"start":{"line":435,"column":12},"end":{"line":438,"column":13}},"type":"if","locations":[{"start":{"line":435,"column":12},"end":{"line":438,"column":13}},{"start":{},"end":{}}],"line":435},"31":{"loc":{"start":{"line":442,"column":31},"end":{"line":442,"column":60}},"type":"binary-expr","locations":[{"start":{"line":442,"column":31},"end":{"line":442,"column":55}},{"start":{"line":442,"column":59},"end":{"line":442,"column":60}}],"line":442},"32":{"loc":{"start":{"line":443,"column":41},"end":{"line":443,"column":65}},"type":"binary-expr","locations":[{"start":{"line":443,"column":41},"end":{"line":443,"column":60}},{"start":{"line":443,"column":64},"end":{"line":443,"column":65}}],"line":443},"33":{"loc":{"start":{"line":444,"column":37},"end":{"line":444,"column":61}},"type":"binary-expr","locations":[{"start":{"line":444,"column":37},"end":{"line":444,"column":56}},{"start":{"line":444,"column":60},"end":{"line":444,"column":61}}],"line":444},"34":{"loc":{"start":{"line":445,"column":37},"end":{"line":445,"column":61}},"type":"binary-expr","locations":[{"start":{"line":445,"column":37},"end":{"line":445,"column":56}},{"start":{"line":445,"column":60},"end":{"line":445,"column":61}}],"line":445},"35":{"loc":{"start":{"line":460,"column":8},"end":{"line":463,"column":9}},"type":"if","locations":[{"start":{"line":460,"column":8},"end":{"line":463,"column":9}},{"start":{},"end":{}}],"line":460},"36":{"loc":{"start":{"line":474,"column":21},"end":{"line":474,"column":42}},"type":"binary-expr","locations":[{"start":{"line":474,"column":21},"end":{"line":474,"column":36}},{"start":{"line":474,"column":40},"end":{"line":474,"column":42}}],"line":474},"37":{"loc":{"start":{"line":504,"column":8},"end":{"line":508,"column":9}},"type":"if","locations":[{"start":{"line":504,"column":8},"end":{"line":508,"column":9}},{"start":{"line":506,"column":15},"end":{"line":508,"column":9}}],"line":504}},"s":{"0":1,"1":1,"2":1,"3":1,"4":1,"5":1,"6":1,"7":1,"8":1,"9":1,"10":1,"11":1,"12":1,"13":1,"14":1,"15":1,"16":1,"17":1,"18":1,"19":1,"20":1,"21":1,"22":10,"23":10,"24":1,"25":1,"26":1,"27":4,"28":4,"29":1,"30":3,"31":1,"32":1,"33":0,"34":1,"35":1,"36":3,"37":3,"38":3,"39":3,"40":3,"41":3,"42":3,"43":3,"44":1,"45":1,"46":1,"47":3,"48":1,"49":1,"50":1,"51":1,"52":3,"53":0,"54":0,"55":0,"56":3,"57":0,"58":0,"59":0,"60":3,"61":3,"62":3,"63":3,"64":3,"65":3,"66":0,"67":0,"68":3,"69":3,"70":3,"71":3,"72":0,"73":0,"74":3,"75":1,"76":2,"77":2,"78":2,"79":0,"80":0,"81":2,"82":1,"83":1,"84":1,"85":0,"86":0,"87":0,"88":0,"89":0,"90":0,"91":1,"92":1,"93":1,"94":0,"95":0,"96":1,"97":2,"98":1,"99":1,"100":1,"101":0,"102":1,"103":1,"104":0,"105":0,"106":1,"107":1,"108":1,"109":0,"110":0,"111":0,"112":0,"113":0,"114":0,"115":0,"116":0,"117":0,"118":0,"119":1,"120":0,"121":0,"122":0,"123":0,"124":0,"125":0,"126":0,"127":0,"128":0,"129":1,"130":1,"131":1,"132":6,"133":6,"134":6,"135":0,"136":6,"137":1,"138":1,"139":0,"140":0,"141":1,"142":0,"143":0,"144":1,"145":0,"146":0,"147":0,"148":0,"149":0,"150":0,"151":0,"152":0,"153":0,"154":0,"155":0,"156":0,"157":0,"158":1,"159":1,"160":1,"161":1,"162":1,"163":1,"164":0,"165":0,"166":0,"167":0,"168":0,"169":1},"f":{"0":10,"1":4,"2":1,"3":3,"4":3,"5":3,"6":2,"7":2,"8":0,"9":0,"10":1,"11":1,"12":2,"13":1,"14":1,"15":0,"16":0,"17":0,"18":0,"19":1,"20":6,"21":6,"22":6,"23":1,"24":1,"25":0,"26":0,"27":0,"28":0,"29":1,"30":1,"31":0,"32":0},"b":{"0":[1,1],"1":[1,0],"2":[1,3],"3":[0,1],"4":[3],"5":[3],"6":[3],"7":[3],"8":[3,0],"9":[3,0],"10":[1,2],"11":[1,2],"12":[0,3],"13":[0,3],"14":[3,0],"15":[0,3],"16":[0,3],"17":[0,3],"18":[0,2],"19":[1,1],"20":[0,0],"21":[0,1],"22":[0,1],"23":[1,1,1,1,1,1,1],"24":[0,1],"25":[0,0],"26":[0,0],"27":[0,0],"28":[0,0],"29":[0,6],"30":[0,1],"31":[1,0],"32":[1,0],"33":[1,0],"34":[1,0],"35":[0,0],"36":[0,0],"37":[0,0]},"_coverageSchema":"1a1c01bbd47fc00a2c39e90264f33305004495a9","hash":"7a0abb0f65e89974b26a4bff0746f70c52a34cb2"}
,"C:\\Users\\joshu\\Documents\\NetBeansProjects\\LookupProtocol\\config\\logger.js": {"path":"C:\\Users\\joshu\\Documents\\NetBeansProjects\\LookupProtocol\\config\\logger.js","statementMap":{"0":{"start":{"line":1,"column":16},"end":{"line":1,"column":34}},"1":{"start":{"line":2,"column":13},"end":{"line":2,"column":28}},"2":{"start":{"line":3,"column":11},"end":{"line":3,"column":24}},"3":{"start":{"line":6,"column":16},"end":{"line":6,"column":50}},"4":{"start":{"line":7,"column":0},"end":{"line":9,"column":1}},"5":{"start":{"line":8,"column":4},"end":{"line":8,"column":47}},"6":{"start":{"line":12,"column":18},"end":{"line":17,"column":1}},"7":{"start":{"line":20,"column":15},"end":{"line":42,"column":2}},"8":{"start":{"line":45,"column":0},"end":{"line":49,"column":1}},"9":{"start":{"line":46,"column":4},"end":{"line":48,"column":8}},"10":{"start":{"line":51,"column":0},"end":{"line":51,"column":24}}},"fnMap":{},"branchMap":{"0":{"loc":{"start":{"line":7,"column":0},"end":{"line":9,"column":1}},"type":"if","locations":[{"start":{"line":7,"column":0},"end":{"line":9,"column":1}},{"start":{},"end":{}}],"line":7},"1":{"loc":{"start":{"line":21,"column":11},"end":{"line":21,"column":42}},"type":"binary-expr","locations":[{"start":{"line":21,"column":11},"end":{"line":21,"column":32}},{"start":{"line":21,"column":36},"end":{"line":21,"column":42}}],"line":21},"2":{"loc":{"start":{"line":45,"column":0},"end":{"line":49,"column":1}},"type":"if","locations":[{"start":{"line":45,"column":0},"end":{"line":49,"column":1}},{"start":{},"end":{}}],"line":45}},"s":{"0":1,"1":1,"2":1,"3":1,"4":1,"5":1,"6":1,"7":1,"8":1,"9":1,"10":1},"f":{},"b":{"0":[1,0],"1":[1,1],"2":[1,0]},"_coverageSchema":"1a1c01bbd47fc00a2c39e90264f33305004495a9","hash":"0b6bf81035fa5cd89cfe4cca15bcf1c092eb8d01"}
,"C:\\Users\\joshu\\Documents\\NetBeansProjects\\LookupProtocol\\config\\swagger.js": {"path":"C:\\Users\\joshu\\Documents\\NetBeansProjects\\LookupProtocol\\config\\swagger.js","statementMap":{"0":{"start":{"line":1,"column":21},"end":{"line":1,"column":45}},"1":{"start":{"line":3,"column":16},"end":{"line":84,"column":1}},"2":{"start":{"line":86,"column":20},"end":{"line":86,"column":41}},"3":{"start":{"line":88,"column":0},"end":{"line":88,"column":29}}},"fnMap":{},"branchMap":{},"s":{"0":1,"1":1,"2":1,"3":1},"f":{},"b":{},"_coverageSchema":"1a1c01bbd47fc00a2c39e90264f33305004495a9","hash":"3194484ba369ae0942f2cde91b8dcb0b9534adeb"}
}
