TN:
SF:server.js
FN:40,(anonymous_0)
FN:61,(anonymous_1)
FN:70,(anonymous_2)
FN:155,(anonymous_3)
FN:199,(anonymous_4)
FN:209,(anonymous_5)
FN:251,(anonymous_6)
FN:254,(anonymous_7)
FN:269,(anonymous_8)
FN:272,(anonymous_9)
FN:282,(anonymous_10)
FN:283,(anonymous_11)
FN:288,(anonymous_12)
FN:310,(anonymous_13)
FN:320,(anonymous_14)
FN:355,(anonymous_15)
FN:362,(anonymous_16)
FN:396,(anonymous_17)
FN:399,(anonymous_18)
FN:415,(anonymous_19)
FN:425,(anonymous_20)
FN:426,(anonymous_21)
FN:427,(anonymous_22)
FN:432,(anonymous_23)
FN:434,(anonymous_24)
FN:451,(anonymous_25)
FN:458,(anonymous_26)
FN:459,(anonymous_27)
FN:469,(anonymous_28)
FN:491,(anonymous_29)
FN:496,(anonymous_30)
FN:502,(anonymous_31)
FN:503,(anonymous_32)
FNF:33
FNH:21
FNDA:10,(anonymous_0)
FNDA:4,(anonymous_1)
FNDA:1,(anonymous_2)
FNDA:3,(anonymous_3)
FNDA:3,(anonymous_4)
FNDA:3,(anonymous_5)
FNDA:2,(anonymous_6)
FNDA:2,(anonymous_7)
FNDA:0,(anonymous_8)
FNDA:0,(anonymous_9)
FNDA:1,(anonymous_10)
FNDA:1,(anonymous_11)
FNDA:2,(anonymous_12)
FNDA:1,(anonymous_13)
FNDA:1,(anonymous_14)
FNDA:0,(anonymous_15)
FNDA:0,(anonymous_16)
FNDA:0,(anonymous_17)
FNDA:0,(anonymous_18)
FNDA:1,(anonymous_19)
FNDA:6,(anonymous_20)
FNDA:6,(anonymous_21)
FNDA:6,(anonymous_22)
FNDA:1,(anonymous_23)
FNDA:1,(anonymous_24)
FNDA:0,(anonymous_25)
FNDA:0,(anonymous_26)
FNDA:0,(anonymous_27)
FNDA:0,(anonymous_28)
FNDA:1,(anonymous_29)
FNDA:1,(anonymous_30)
FNDA:0,(anonymous_31)
FNDA:0,(anonymous_32)
DA:1,1
DA:2,1
DA:3,1
DA:4,1
DA:5,1
DA:6,1
DA:7,1
DA:8,1
DA:9,1
DA:10,1
DA:12,1
DA:13,1
DA:14,1
DA:17,1
DA:23,1
DA:30,1
DA:31,1
DA:32,1
DA:33,1
DA:34,1
DA:37,1
DA:40,1
DA:41,10
DA:42,10
DA:46,1
DA:56,1
DA:61,1
DA:62,4
DA:63,4
DA:64,1
DA:66,3
DA:70,1
DA:71,1
DA:72,0
DA:74,1
DA:155,1
DA:156,3
DA:158,3
DA:159,3
DA:160,3
DA:162,3
DA:163,3
DA:164,3
DA:166,3
DA:167,1
DA:168,1
DA:169,1
DA:172,3
DA:173,1
DA:174,1
DA:175,1
DA:176,1
DA:179,3
DA:180,0
DA:181,0
DA:182,0
DA:185,3
DA:186,0
DA:187,0
DA:188,0
DA:192,3
DA:193,3
DA:194,3
DA:196,3
DA:199,3
DA:200,3
DA:201,0
DA:202,0
DA:205,3
DA:206,3
DA:209,3
DA:210,3
DA:211,0
DA:212,0
DA:215,3
DA:251,1
DA:252,2
DA:254,2
DA:255,2
DA:256,0
DA:257,0
DA:260,2
DA:261,1
DA:264,1
DA:269,1
DA:270,0
DA:272,0
DA:273,0
DA:274,0
DA:275,0
DA:277,0
DA:282,1
DA:283,1
DA:284,1
DA:285,0
DA:286,0
DA:288,2
DA:310,1
DA:311,1
DA:313,1
DA:314,0
DA:317,1
DA:321,1
DA:322,0
DA:323,0
DA:325,1
DA:326,1
DA:355,1
DA:356,0
DA:357,0
DA:359,0
DA:363,0
DA:364,0
DA:365,0
DA:368,0
DA:369,0
DA:372,0
DA:373,0
DA:396,1
DA:397,0
DA:399,0
DA:400,0
DA:401,0
DA:402,0
DA:405,0
DA:406,0
DA:409,0
DA:410,0
DA:415,1
DA:416,1
DA:425,1
DA:426,6
DA:427,6
DA:428,6
DA:429,6
DA:434,1
DA:435,1
DA:436,0
DA:437,0
DA:440,1
DA:452,0
DA:453,0
DA:458,1
DA:459,0
DA:460,0
DA:461,0
DA:462,0
DA:466,0
DA:467,0
DA:469,0
DA:470,0
DA:479,0
DA:482,0
DA:484,0
DA:485,0
DA:486,0
DA:491,1
DA:492,1
DA:496,1
DA:497,1
DA:498,1
DA:502,1
DA:503,0
DA:504,0
DA:505,0
DA:507,0
DA:509,0
DA:513,1
LF:168
LH:103
BRDA:13,0,0,1
BRDA:13,0,1,1
BRDA:14,1,0,1
BRDA:14,1,1,0
BRDA:63,2,0,1
BRDA:63,2,1,3
BRDA:71,3,0,0
BRDA:71,3,1,1
BRDA:156,4,0,3
BRDA:156,5,0,3
BRDA:156,6,0,3
BRDA:156,7,0,3
BRDA:158,8,0,3
BRDA:158,8,1,0
BRDA:159,9,0,3
BRDA:159,9,1,0
BRDA:166,10,0,1
BRDA:166,10,1,2
BRDA:172,11,0,1
BRDA:172,11,1,2
BRDA:179,12,0,0
BRDA:179,12,1,3
BRDA:185,13,0,0
BRDA:185,13,1,3
BRDA:193,14,0,3
BRDA:193,14,1,0
BRDA:194,15,0,0
BRDA:194,15,1,3
BRDA:200,16,0,0
BRDA:200,16,1,3
BRDA:210,17,0,0
BRDA:210,17,1,3
BRDA:255,18,0,0
BRDA:255,18,1,2
BRDA:260,19,0,1
BRDA:260,19,1,1
BRDA:273,20,0,0
BRDA:273,20,1,0
BRDA:284,21,0,0
BRDA:284,21,1,1
BRDA:313,22,0,0
BRDA:313,22,1,1
BRDA:313,23,0,1
BRDA:313,23,1,1
BRDA:313,23,2,1
BRDA:313,23,3,1
BRDA:313,23,4,1
BRDA:313,23,5,1
BRDA:313,23,6,1
BRDA:321,24,0,0
BRDA:321,24,1,1
BRDA:363,25,0,0
BRDA:363,25,1,0
BRDA:368,26,0,0
BRDA:368,26,1,0
BRDA:400,27,0,0
BRDA:400,27,1,0
BRDA:405,28,0,0
BRDA:405,28,1,0
BRDA:428,29,0,0
BRDA:428,29,1,6
BRDA:435,30,0,0
BRDA:435,30,1,1
BRDA:442,31,0,1
BRDA:442,31,1,0
BRDA:443,32,0,1
BRDA:443,32,1,0
BRDA:444,33,0,1
BRDA:444,33,1,0
BRDA:445,34,0,1
BRDA:445,34,1,0
BRDA:460,35,0,0
BRDA:460,35,1,0
BRDA:474,36,0,0
BRDA:474,36,1,0
BRDA:504,37,0,0
BRDA:504,37,1,0
BRF:77
BRH:41
end_of_record
TN:
SF:config\logger.js
FNF:0
FNH:0
DA:1,1
DA:2,1
DA:3,1
DA:6,1
DA:7,1
DA:8,1
DA:12,1
DA:20,1
DA:45,1
DA:46,1
DA:51,1
LF:11
LH:11
BRDA:7,0,0,1
BRDA:7,0,1,0
BRDA:21,1,0,1
BRDA:21,1,1,1
BRDA:45,2,0,1
BRDA:45,2,1,0
BRF:6
BRH:4
end_of_record
TN:
SF:config\swagger.js
FNF:0
FNH:0
DA:1,1
DA:3,1
DA:86,1
DA:88,1
LF:4
LH:4
BRF:0
BRH:0
end_of_record
